04/23/18/18 02:44:03.339|WARN ||||org.apache.hadoop.util.NativeCodeLoader.<clinit>(NativeCodeLoader.java:62)|Unable to load native-hadoop library for your platform... using builtin-java classes where applicable
04/23/18/18 02:49:55.629|WARN ||||org.apache.hadoop.util.NativeCodeLoader.<clinit>(NativeCodeLoader.java:62)|Unable to load native-hadoop library for your platform... using builtin-java classes where applicable
04/23/18/18 02:51:20.738|WARN ||||org.apache.hadoop.util.NativeCodeLoader.<clinit>(NativeCodeLoader.java:62)|Unable to load native-hadoop library for your platform... using builtin-java classes where applicable
04/23/18/18 02:52:20.720|WARN ||||org.apache.hadoop.util.NativeCodeLoader.<clinit>(NativeCodeLoader.java:62)|Unable to load native-hadoop library for your platform... using builtin-java classes where applicable
04/23/18/18 02:53:32.531|WARN ||||org.apache.hadoop.util.NativeCodeLoader.<clinit>(NativeCodeLoader.java:62)|Unable to load native-hadoop library for your platform... using builtin-java classes where applicable
04/23/18/18 02:57:32.413|WARN ||||org.apache.hadoop.util.NativeCodeLoader.<clinit>(NativeCodeLoader.java:62)|Unable to load native-hadoop library for your platform... using builtin-java classes where applicable
04/23/18/18 03:02:55.733|WARN ||||org.apache.hadoop.util.NativeCodeLoader.<clinit>(NativeCodeLoader.java:62)|Unable to load native-hadoop library for your platform... using builtin-java classes where applicable
04/23/18/18 03:09:40.701|WARN ||||org.apache.toree.boot.layer.StandardComponentInitialization$class.initializePlugins(ComponentInitialization.scala:214)|No external magics provided to PluginManager!
04/23/18/18 03:09:44.386|WARN ||||org.apache.toree.boot.layer.StandardComponentInitialization$$anon$1.createSparkConf(ComponentInitialization.scala:176)|Locked to Scala interpreter with SparkIMain until decoupled!
04/23/18/18 03:09:44.387|WARN ||||org.apache.toree.boot.layer.StandardComponentInitialization$$anon$1.createSparkConf(ComponentInitialization.scala:179)|Unable to control initialization of REPL class server!
04/23/18/18 03:09:46.323|WARN ||||org.apache.hadoop.util.NativeCodeLoader.<clinit>(NativeCodeLoader.java:62)|Unable to load native-hadoop library for your platform... using builtin-java classes where applicable
04/23/18/18 03:09:46.677|WARN ||||org.apache.toree.utils.MessageLogSupport$class.logMessage(MessageLogSupport.scala:36)|Parent header is null for message DAEA96A8079C41CA96656272D3BA5C10 of type comm_info_request
04/23/18/18 03:09:46.684|WARN ||||org.apache.toree.utils.MessageLogSupport$class.logMessage(MessageLogSupport.scala:36)|Parent header is null for message 7AC8EDD3ECA44B1B899E2861356AD3E6 of type comm_open
04/23/18/18 03:09:46.698|WARN ||||org.apache.toree.utils.MessageLogSupport$class.logMessage(MessageLogSupport.scala:36)|Parent header is null for message CEB70FB09D2C46208A6F5CC3FA42BDF9 of type comm_open
04/23/18/18 03:09:48.023|WARN ||||org.apache.spark.internal.Logging$class.logWarning(Logging.scala:66)|Use an existing SparkContext, some configuration may not take effect.
04/23/18/18 03:09:58.714|WARN ||||org.apache.toree.kernel.interpreter.scala.ScalaInterpreter.bindKernelVariable(ScalaInterpreter.scala:131)|kernel variable: org.apache.toree.boot.layer.StandardComponentInitialization$$anon$1@108eb810
04/23/18/18 03:09:58.715|WARN ||||org.apache.toree.kernel.interpreter.scala.ScalaInterpreterSpecific$class.bind(ScalaInterpreterSpecific.scala:143)|Binding List(@transient implicit) kernel org.apache.toree.kernel.api.Kernel org.apache.toree.boot.layer.StandardComponentInitialization$$anon$1@108eb810
04/23/18/18 03:10:03.687|WARN ||||org.apache.toree.kernel.protocol.v5.handler.CommOpenHandler.org$apache$toree$kernel$protocol$v5$handler$CommOpenHandler$$handleCommOpen(CommOpenHandler.scala:71)|Received invalid target for Comm Open: jupyter.widget.version
04/23/18/18 03:10:03.764|WARN ||||org.apache.toree.kernel.protocol.v5.handler.CommOpenHandler.org$apache$toree$kernel$protocol$v5$handler$CommOpenHandler$$handleCommOpen(CommOpenHandler.scala:71)|Received invalid target for Comm Open: jupyter.widget.version
04/23/18/18 03:10:11.254|WARN ||||org.apache.toree.kernel.protocol.v5.stream.KernelOutputStream.flush(KernelOutputStream.scala:98)|Suppressing empty output: ''
04/23/18/18 03:10:17.797|WARN ||||org.apache.spark.internal.Logging$class.logWarning(Logging.scala:66)|Truncated the string representation of a plan since it was too large. This behavior can be adjusted by setting 'spark.debug.maxToStringFields' in SparkEnv.conf.
04/23/18/18 03:10:19.659|WARN ||||org.apache.toree.kernel.protocol.v5.stream.KernelOutputStream.flush(KernelOutputStream.scala:98)|Suppressing empty output: ''
04/23/18/18 03:10:20.276|WARN ||||org.apache.toree.kernel.protocol.v5.stream.KernelOutputStream.flush(KernelOutputStream.scala:98)|Suppressing empty output: ''
04/23/18/18 03:11:22.120|WARN ||||org.apache.toree.boot.layer.StandardComponentInitialization$class.initializePlugins(ComponentInitialization.scala:214)|No external magics provided to PluginManager!
04/23/18/18 03:11:25.864|WARN ||||org.apache.toree.boot.layer.StandardComponentInitialization$$anon$1.createSparkConf(ComponentInitialization.scala:176)|Locked to Scala interpreter with SparkIMain until decoupled!
04/23/18/18 03:11:25.865|WARN ||||org.apache.toree.boot.layer.StandardComponentInitialization$$anon$1.createSparkConf(ComponentInitialization.scala:179)|Unable to control initialization of REPL class server!
04/23/18/18 03:11:27.779|WARN ||||org.apache.hadoop.util.NativeCodeLoader.<clinit>(NativeCodeLoader.java:62)|Unable to load native-hadoop library for your platform... using builtin-java classes where applicable
04/23/18/18 03:11:28.306|WARN ||||org.apache.toree.utils.MessageLogSupport$class.logMessage(MessageLogSupport.scala:36)|Parent header is null for message 50B1CE714CEF436D8E2884327AE23CCC of type comm_info_request
04/23/18/18 03:11:28.309|WARN ||||org.apache.toree.utils.MessageLogSupport$class.logMessage(MessageLogSupport.scala:36)|Parent header is null for message 4ECE14B1A9FB43D5997875375DED30D1 of type comm_open
04/23/18/18 03:11:28.313|WARN ||||org.apache.toree.utils.MessageLogSupport$class.logMessage(MessageLogSupport.scala:36)|Parent header is null for message 646F6EC6DAD84B9488EB41CC5D23F4CA of type comm_open
04/23/18/18 03:11:29.550|WARN ||||org.apache.spark.internal.Logging$class.logWarning(Logging.scala:66)|Use an existing SparkContext, some configuration may not take effect.
04/23/18/18 03:11:40.588|WARN ||||org.apache.toree.kernel.interpreter.scala.ScalaInterpreter.bindKernelVariable(ScalaInterpreter.scala:131)|kernel variable: org.apache.toree.boot.layer.StandardComponentInitialization$$anon$1@3e180ef1
04/23/18/18 03:11:40.589|WARN ||||org.apache.toree.kernel.interpreter.scala.ScalaInterpreterSpecific$class.bind(ScalaInterpreterSpecific.scala:143)|Binding List(@transient implicit) kernel org.apache.toree.kernel.api.Kernel org.apache.toree.boot.layer.StandardComponentInitialization$$anon$1@3e180ef1
04/23/18/18 03:11:45.674|WARN ||||org.apache.toree.kernel.protocol.v5.handler.CommOpenHandler.org$apache$toree$kernel$protocol$v5$handler$CommOpenHandler$$handleCommOpen(CommOpenHandler.scala:71)|Received invalid target for Comm Open: jupyter.widget.version
04/23/18/18 03:11:45.679|WARN ||||org.apache.toree.kernel.protocol.v5.handler.CommOpenHandler.org$apache$toree$kernel$protocol$v5$handler$CommOpenHandler$$handleCommOpen(CommOpenHandler.scala:71)|Received invalid target for Comm Open: jupyter.widget.version
04/23/18/18 03:12:06.527|WARN ||||org.apache.toree.kernel.protocol.v5.stream.KernelOutputStream.flush(KernelOutputStream.scala:98)|Suppressing empty output: ''
04/23/18/18 03:12:12.642|WARN ||||org.apache.spark.internal.Logging$class.logWarning(Logging.scala:66)|Truncated the string representation of a plan since it was too large. This behavior can be adjusted by setting 'spark.debug.maxToStringFields' in SparkEnv.conf.
04/23/18/18 03:12:14.408|WARN ||||org.apache.toree.kernel.protocol.v5.stream.KernelOutputStream.flush(KernelOutputStream.scala:98)|Suppressing empty output: ''
04/23/18/18 09:53:05.570|WARN ||||org.apache.toree.utils.MessageLogSupport$class.logMessage(MessageLogSupport.scala:36)|Parent header is null for message 105401189DED48E18F1945AE2A512B0E of type comm_open
04/23/18/18 09:53:05.580|WARN ||||org.apache.toree.kernel.protocol.v5.handler.CommOpenHandler.org$apache$toree$kernel$protocol$v5$handler$CommOpenHandler$$handleCommOpen(CommOpenHandler.scala:71)|Received invalid target for Comm Open: jupyter.widget.version
04/23/18/18 10:09:05.536|WARN ||||org.apache.toree.utils.MessageLogSupport$class.logMessage(MessageLogSupport.scala:36)|Parent header is null for message 2A5822AB49D3444F826663B763BF6B5C of type comm_open
04/23/18/18 10:09:05.540|WARN ||||org.apache.toree.kernel.protocol.v5.handler.CommOpenHandler.org$apache$toree$kernel$protocol$v5$handler$CommOpenHandler$$handleCommOpen(CommOpenHandler.scala:71)|Received invalid target for Comm Open: jupyter.widget.version
04/23/18/18 11:34:40.978|WARN ||||org.apache.spark.internal.Logging$class.logWarning(Logging.scala:66)|1 block locks were not released by TID = 21:
[rdd_48_0]
04/25/18/18 11:37:22.867|WARN ||||org.apache.spark.internal.Logging$class.logWarning(Logging.scala:66)|1 block locks were not released by TID = 43:
[rdd_109_0]
04/25/18/18 11:42:27.328|WARN ||||org.apache.hadoop.util.NativeCodeLoader.<clinit>(NativeCodeLoader.java:62)|Unable to load native-hadoop library for your platform... using builtin-java classes where applicable
